0 info it worked if it ends with ok
1 verbose cli [ '/usr/local/bin/node', '/usr/local/bin/npm', 'run', 'eject' ]
2 info using npm@6.0.1
3 info using node@v8.11.1
4 verbose run-script [ 'preeject', 'eject', 'posteject' ]
5 info lifecycle revents@0.1.0~preeject: revents@0.1.0
6 info lifecycle revents@0.1.0~eject: revents@0.1.0
7 verbose lifecycle revents@0.1.0~eject: unsafe-perm in lifecycle true
8 verbose lifecycle revents@0.1.0~eject: PATH: /usr/local/lib/node_modules/npm/node_modules/npm-lifecycle/node-gyp-bin:/Users/allenlai/Desktop/revents/node_modules/.bin:/Library/Frameworks/Python.framework/Versions/2.7/bin:/anaconda3/bin:/usr/local/bin:/usr/bin:/bin:/usr/sbin:/sbin
9 verbose lifecycle revents@0.1.0~eject: CWD: /Users/allenlai/Desktop/revents
10 silly lifecycle revents@0.1.0~eject: Args: [ '-c', 'react-scripts eject' ]
11 silly lifecycle revents@0.1.0~eject: Returned: code: 1  signal: null
12 info lifecycle revents@0.1.0~eject: Failed to exec eject script
13 verbose stack Error: revents@0.1.0 eject: `react-scripts eject`
13 verbose stack Exit status 1
13 verbose stack     at EventEmitter.<anonymous> (/usr/local/lib/node_modules/npm/node_modules/npm-lifecycle/index.js:283:16)
13 verbose stack     at emitTwo (events.js:126:13)
13 verbose stack     at EventEmitter.emit (events.js:214:7)
13 verbose stack     at ChildProcess.<anonymous> (/usr/local/lib/node_modules/npm/node_modules/npm-lifecycle/lib/spawn.js:55:14)
13 verbose stack     at emitTwo (events.js:126:13)
13 verbose stack     at ChildProcess.emit (events.js:214:7)
13 verbose stack     at maybeClose (internal/child_process.js:925:16)
13 verbose stack     at Process.ChildProcess._handle.onexit (internal/child_process.js:209:5)
14 verbose pkgid revents@0.1.0
15 verbose cwd /Users/allenlai/Desktop/revents
16 verbose Darwin 18.2.0
17 verbose argv "/usr/local/bin/node" "/usr/local/bin/npm" "run" "eject"
18 verbose node v8.11.1
19 verbose npm  v6.0.1
20 error code ELIFECYCLE
21 error errno 1
22 error revents@0.1.0 eject: `react-scripts eject`
22 error Exit status 1
23 error Failed at the revents@0.1.0 eject script.
23 error This is probably not a problem with npm. There is likely additional logging output above.
24 verbose exit [ 1, true ]
